<?xml version="1.0" encoding="UTF-8"?>
<!-- Generated by org.testng.reporters.JUnitReportReporter -->
<testsuite hostname="Shobhendra" failures="0" tests="3" name="RestAssured.CheckForValidResponse" time="1.768" errors="0" timestamp="2025-10-13T14:00:27 GMT-08:00" skipped="2">
  <testcase classname="RestAssured.CheckForValidResponse" name="GetSingleUserValidationUsingBddStyle" time="1.768"/>
  <testcase classname="RestAssured.CheckForValidResponse" name="getSingleUser">
    <skipped/>
  </testcase> <!-- getSingleUser -->
  <testcase classname="RestAssured.CheckForValidResponse" name="GetSingleUserUsingValidatableResponse">
    <skipped/>
  </testcase> <!-- GetSingleUserUsingValidatableResponse -->
</testsuite> <!-- RestAssured.CheckForValidResponse -->
