<?xml version="1.0" encoding="UTF-8"?>
<!-- Generated by org.testng.reporters.JUnitReportReporter -->
<testsuite hostname="Shobhendra" failures="0" tests="2" name="RestAssured.GetMethod" time="3.181" errors="0" timestamp="2025-10-07T14:47:16 GMT-08:00" skipped="0">
  <testcase classname="RestAssured.GetMethod" name="RequestUsingGivenWhenThen" time="2.318"/>
  <testcase classname="RestAssured.GetMethod" name="getRequest" time="0.863"/>
</testsuite> <!-- RestAssured.GetMethod -->
