<?xml version="1.0" encoding="UTF-8"?>
<!-- Generated by org.testng.reporters.JUnitReportReporter -->
<testsuite hostname="Shobhendra" failures="0" tests="1" name="RestAssured.PutMethod" time="1.787" errors="0" timestamp="2025-10-08T11:03:55 GMT-08:00" skipped="0">
  <testcase classname="RestAssured.PutMethod" name="putRequest" time="1.787"/>
</testsuite> <!-- RestAssured.PutMethod -->
