<?xml version="1.0" encoding="UTF-8"?>
<!-- Generated by org.testng.reporters.JUnitReportReporter -->
<testsuite hostname="Shobhendra" failures="0" tests="1" name="RestAssured.postRequest" time="1.838" errors="0" timestamp="2025-10-08T10:31:12 GMT-08:00" skipped="0">
  <testcase classname="RestAssured.postRequest" name="testPost" time="1.838"/>
</testsuite> <!-- RestAssured.postRequest -->
