<?xml version="1.0" encoding="UTF-8"?>
<!-- Generated by org.testng.reporters.JUnitReportReporter -->
<testsuite hostname="Shobhendra" failures="0" tests="1" name="RestAssured.FirstGetRequest" time="2.907" errors="0" timestamp="2025-10-07T10:43:20 GMT-08:00" skipped="0">
  <testcase classname="RestAssured.FirstGetRequest" name="testcase_01" time="2.907"/>
</testsuite> <!-- RestAssured.FirstGetRequest -->
